==========================================================================
                               NEW GAME                                   
==========================================================================
Search and Destroy activated!
==========================================================================
                               NEW GAME                                   
==========================================================================
==========================================================================
                               NEW GAME                                   
==========================================================================
Search and Destroy activated!
Frames: 9627 winner: 0 startPosition (6056,368) myKillScore: 0 enemyKillScore: 0 EvaluationLastState: 0
==========================================================================
                               NEW GAME                                   
==========================================================================
Frames: 18719 winner: 0 startPosition (1032,448) myKillScore: 4400 enemyKillScore: 0 EvaluationLastState: -0.68
==========================================================================
                               NEW GAME                                   
==========================================================================
Search and Destroy activated!
Frames: 441969 winner: 1 startPosition (1032,448) myKillScore: 2400 enemyKillScore: 0 EvaluationLastState: 1
==========================================================================
                               NEW GAME                                   
==========================================================================
Frames: 45115 winner: 0 startPosition (1032,448) myKillScore: 5600 enemyKillScore: 0 EvaluationLastState: -0.294118
==========================================================================
                               NEW GAME                                   
==========================================================================
Frames: 11612 winner: 0 startPosition (2048,3608) myKillScore: 0 enemyKillScore: 0 EvaluationLastState: -0.619048
==========================================================================
                               NEW GAME                                   
==========================================================================
Frames: 43831 winner: 0 startPosition (1032,448) myKillScore: 10000 enemyKillScore: 0 EvaluationLastState: -0.910112
==========================================================================
                               NEW GAME                                   
==========================================================================
Frames: 9798 winner: 0 startPosition (1032,448) myKillScore: 0 enemyKillScore: 0 EvaluationLastState: -0.619048
==========================================================================
                               NEW GAME                                   
==========================================================================
Search and Destroy activated!
Frames: 9612 winner: 1 startPosition (2048,3608) myKillScore: 2000 enemyKillScore: 0 EvaluationLastState: 1
==========================================================================
                               NEW GAME                                   
==========================================================================
==========================================================================
                               NEW GAME                                   
==========================================================================
Frames: 10597 winner: 0 startPosition (2048,3608) myKillScore: 0 enemyKillScore: 0 EvaluationLastState: -0.619048
==========================================================================
                               NEW GAME                                   
==========================================================================
Frames: 45114 winner: 0 startPosition (1032,448) myKillScore: 5900 enemyKillScore: 0 EvaluationLastState: -0.4
==========================================================================
                               NEW GAME                                   
==========================================================================
Search and Destroy activated!
Frames: 13332 winner: 1 startPosition (1032,448) myKillScore: 3100 enemyKillScore: 0 EvaluationLastState: 1
==========================================================================
                               NEW GAME                                   
==========================================================================
Frames: 11495 winner: 0 startPosition (2048,3608) myKillScore: 0 enemyKillScore: 0 EvaluationLastState: -0.688312
==========================================================================
                               NEW GAME                                   
==========================================================================
Frames: 11498 winner: 0 startPosition (2048,3608) myKillScore: 0 enemyKillScore: 0 EvaluationLastState: -0.688312
==========================================================================
                               NEW GAME                                   
==========================================================================
Frames: 10450 winner: 0 startPosition (1032,448) myKillScore: 0 enemyKillScore: 0 EvaluationLastState: -0.636364
==========================================================================
                               NEW GAME                                   
==========================================================================
Search and Destroy activated!
Frames: 7442 winner: 1 startPosition (2048,3608) myKillScore: 1500 enemyKillScore: 0 EvaluationLastState: 1
==========================================================================
                               NEW GAME                                   
==========================================================================
Search and Destroy activated!
Frames: 10635 winner: 1 startPosition (2048,3608) myKillScore: 2400 enemyKillScore: 0 EvaluationLastState: 1
==========================================================================
                               NEW GAME                                   
==========================================================================
Frames: 10284 winner: 0 startPosition (1032,448) myKillScore: 0 enemyKillScore: 0 EvaluationLastState: -0.619048
==========================================================================
                               NEW GAME                                   
==========================================================================
Frames: 39164 winner: 0 startPosition (2048,3608) myKillScore: 7700 enemyKillScore: 0 EvaluationLastState: -0.509434
==========================================================================
                               NEW GAME                                   
==========================================================================
Frames: 45802 winner: 0 startPosition (1032,448) myKillScore: 7300 enemyKillScore: 0 EvaluationLastState: -0.555556
==========================================================================
                               NEW GAME                                   
==========================================================================
Frames: 9829 winner: 0 startPosition (1032,448) myKillScore: 0 enemyKillScore: 0 EvaluationLastState: -0.619048
==========================================================================
                               NEW GAME                                   
==========================================================================
Frames: 53214 winner: 0 startPosition (2048,3608) myKillScore: 15900 enemyKillScore: 0 EvaluationLastState: -0.317073
==========================================================================
                               NEW GAME                                   
==========================================================================
Search and Destroy activated!
Frames: 5009633 winner: 1 startPosition (2048,3608) myKillScore: 2900 enemyKillScore: 0 EvaluationLastState: 1
==========================================================================
                               NEW GAME                                   
==========================================================================
Frames: 10310 winner: 0 startPosition (2048,3608) myKillScore: 0 enemyKillScore: 0 EvaluationLastState: -0.619048
==========================================================================
                               NEW GAME                                   
==========================================================================
Search and Destroy activated!
Frames: 12371 winner: 1 startPosition (1032,448) myKillScore: 2700 enemyKillScore: 0 EvaluationLastState: 1
==========================================================================
                               NEW GAME                                   
==========================================================================
Frames: 9963 winner: 0 startPosition (1032,448) myKillScore: 0 enemyKillScore: 0 EvaluationLastState: -0.636364
==========================================================================
                               NEW GAME                                   
==========================================================================
Frames: 10746 winner: 0 startPosition (2048,3608) myKillScore: 0 enemyKillScore: 0 EvaluationLastState: -0.619048
==========================================================================
                               NEW GAME                                   
==========================================================================
Frames: 9960 winner: 0 startPosition (1032,448) myKillScore: 0 enemyKillScore: 0 EvaluationLastState: -0.619048
==========================================================================
                               NEW GAME                                   
==========================================================================
Frames: 49669 winner: 0 startPosition (2048,3608) myKillScore: 7400 enemyKillScore: 0 EvaluationLastState: -0.478261
==========================================================================
                               NEW GAME                                   
==========================================================================
Frames: 9902 winner: 0 startPosition (2048,3608) myKillScore: 0 enemyKillScore: 0 EvaluationLastState: -0.619048
==========================================================================
                               NEW GAME                                   
==========================================================================
Frames: 5384049 winner: 0 startPosition (1032,448) myKillScore: 8900 enemyKillScore: 0 EvaluationLastState: -1
==========================================================================
                               NEW GAME                                   
==========================================================================
Frames: 11720 winner: 0 startPosition (1032,448) myKillScore: 0 enemyKillScore: 0 EvaluationLastState: -1
==========================================================================
                               NEW GAME                                   
==========================================================================
Frames: 2573 winner: 0 startPosition (1032,448) myKillScore: 0 enemyKillScore: 0 EvaluationLastState: 0
