==========================================================================
                               NEW GAME                                   
==========================================================================
Frames: 10252 winner: 0 enemy: Terran startPosition (1032,448) myKillScore: 0 enemyKillScore: 0 EvaluationLastState: -0.630769 map: (2)Destination.scx
==========================================================================
                               NEW GAME                                   
==========================================================================
Search and Destroy activated!
Frames: 8279 winner: 1 enemy: Protoss startPosition (1032,448) myKillScore: 1600 enemyKillScore: 0 EvaluationLastState: 1 map: (2)Destination.scx
==========================================================================
                               NEW GAME                                   
==========================================================================
Frames: 3999 winner: 0 enemy: Zerg startPosition (2048,3608) myKillScore: 0 enemyKillScore: 0 EvaluationLastState: -0.25 map: (2)Destination.scx
==========================================================================
                               NEW GAME                                   
==========================================================================
Search and Destroy activated!
Frames: 18974 winner: 1 enemy: Protoss startPosition (2048,3608) myKillScore: 2200 enemyKillScore: 0 EvaluationLastState: 1 map: (2)Destination.scx
==========================================================================
                               NEW GAME                                   
==========================================================================
Search and Destroy activated!
Frames: 6791 winner: 1 enemy: Zerg startPosition (1032,448) myKillScore: 1710 enemyKillScore: 0 EvaluationLastState: 0.836735 map: (2)Destination.scx
==========================================================================
                               NEW GAME                                   
==========================================================================
Search and Destroy activated!
Frames: 16804 winner: 1 enemy: Protoss startPosition (1032,448) myKillScore: 2300 enemyKillScore: 0 EvaluationLastState: 1 map: (2)Destination.scx
==========================================================================
                               NEW GAME                                   
==========================================================================
Frames: 48476 winner: 0 enemy: Terran startPosition (2048,3608) myKillScore: 6700 enemyKillScore: 0 EvaluationLastState: -0.565217 map: (2)Destination.scx
==========================================================================
                               NEW GAME                                   
==========================================================================
Frames: 45356 winner: 0 enemy: Terran startPosition (1032,448) myKillScore: 5700 enemyKillScore: 0 EvaluationLastState: -0.4 map: (2)Destination.scx
==========================================================================
                               NEW GAME                                   
==========================================================================
Search and Destroy activated!
Frames: 10415701 winner: 0 enemy: Terran startPosition (1032,448) myKillScore: 13300 enemyKillScore: 0 EvaluationLastState: -0.04 map: (2)Destination.scx
