c:\workspace\thesis\nova\sctechtreemanager\release\sctechtreemanager.pch
c:\workspace\thesis\nova\sctechtreemanager\release\vc141.pdb
c:\workspace\thesis\nova\sctechtreemanager\release\stdafx.obj
c:\workspace\thesis\nova\sctechtreemanager\release\sctechtreemanager.obj
c:\workspace\thesis\nova\sctechtreemanager\release\terrantreemanager.obj
c:\workspace\thesis\nova\release\sctechtreemanager.exe
c:\workspace\thesis\nova\release\sctechtreemanager.pdb
c:\workspace\thesis\nova\sctechtreemanager\release\sctechtreemanager.res
c:\workspace\thesis\nova\release\sctechtreemanager.ipdb
c:\workspace\thesis\nova\release\sctechtreemanager.iobj
c:\workspace\thesis\nova\sctechtreemanager\release\sctechtr.13589aaf.tlog\cl.command.1.tlog
c:\workspace\thesis\nova\sctechtreemanager\release\sctechtr.13589aaf.tlog\cl.read.1.tlog
c:\workspace\thesis\nova\sctechtreemanager\release\sctechtr.13589aaf.tlog\cl.write.1.tlog
c:\workspace\thesis\nova\sctechtreemanager\release\sctechtr.13589aaf.tlog\link.command.1.tlog
c:\workspace\thesis\nova\sctechtreemanager\release\sctechtr.13589aaf.tlog\link.read.1.tlog
c:\workspace\thesis\nova\sctechtreemanager\release\sctechtr.13589aaf.tlog\link.write.1.tlog
c:\workspace\thesis\nova\sctechtreemanager\release\sctechtr.13589aaf.tlog\rc.command.1.tlog
c:\workspace\thesis\nova\sctechtreemanager\release\sctechtr.13589aaf.tlog\rc.read.1.tlog
c:\workspace\thesis\nova\sctechtreemanager\release\sctechtr.13589aaf.tlog\rc.write.1.tlog
c:\workspace\thesis\nova\sctechtreemanager\release\sctechtr.13589aaf.tlog\sctechtreemanager.write.1u.tlog
