  stdafx.cpp
  SCTechTreeManager.cpp
SCTechTreeManager.cpp(3): warning C4603: '_WEBSOCKETPP_CPP11_THREAD_': macro is not defined or definition is different after precompiled header use
  SCTechTreeManager.cpp(3): note: Add macro to precompiled header instead of defining here
  SCTechTreeManager.cpp(9): note: use of precompiled header
SCTechTreeManager.cpp(4): warning C4603: '_WEBSOCKETPP_CPP11_FUNCTIONAL_': macro is not defined or definition is different after precompiled header use
  SCTechTreeManager.cpp(4): note: Add macro to precompiled header instead of defining here
  SCTechTreeManager.cpp(9): note: use of precompiled header
SCTechTreeManager.cpp(5): warning C4603: '_WEBSOCKETPP_CPP11_SYSTEM_ERROR_': macro is not defined or definition is different after precompiled header use
  SCTechTreeManager.cpp(5): note: Add macro to precompiled header instead of defining here
  SCTechTreeManager.cpp(9): note: use of precompiled header
SCTechTreeManager.cpp(6): warning C4603: '_WEBSOCKETPP_CPP11_RANDOM_DEVICE_': macro is not defined or definition is different after precompiled header use
  SCTechTreeManager.cpp(6): note: Add macro to precompiled header instead of defining here
  SCTechTreeManager.cpp(9): note: use of precompiled header
SCTechTreeManager.cpp(7): warning C4603: '_WEBSOCKETPP_CPP11_MEMORY_': macro is not defined or definition is different after precompiled header use
  SCTechTreeManager.cpp(7): note: Add macro to precompiled header instead of defining here
  SCTechTreeManager.cpp(9): note: use of precompiled header
  Info: Boost.Config is older than your compiler version - probably nothing bad will happen - but you may wish to look for an update Boost version.  Define BOOST_CONFIG_SUPPRESS_OUTDATED_MESSAGE to suppress this message.
  TerranTreeManager.cpp
  Info: Boost.Config is older than your compiler version - probably nothing bad will happen - but you may wish to look for an update Boost version.  Define BOOST_CONFIG_SUPPRESS_OUTDATED_MESSAGE to suppress this message.
  Generating code
  All 2683 functions were compiled because no usable IPDB/IOBJ from previous compilation was found.
  Finished generating code
  SCTechTreeManager.vcxproj -> C:\workspace\Thesis\nova\Release\SCTechTreeManager.exe
