3/18/2018 3:00:23 PM 15440 Logging started
3/18/2018 3:00:23 PM 15440 Already running
3/18/2018 3:00:23 PM 15440 Logging ended
3/18/2018 3:00:23 PM 1188 Plugin loaded ICCup
3/18/2018 3:00:23 PM 1188 Loading BWL4-Plugin C:\workspace\IRE\nova\BWAPI_Stuff\Chaoslauncher\Plugins\APMAlert.bwl
3/18/2018 3:00:23 PM 1188 Plugin loaded APMAlert (1.16.1)
3/18/2018 3:00:23 PM 1188 Loading BWL4-Plugin C:\workspace\IRE\nova\BWAPI_Stuff\Chaoslauncher\Plugins\Chaosplugin.bwl
3/18/2018 3:00:23 PM 1188 Plugin loaded Chaosplugin for 1.16.1
3/18/2018 3:00:23 PM 1188 Loading BWL4-Plugin C:\workspace\IRE\nova\BWAPI_Stuff\Chaoslauncher\Plugins\icctv.bwl
3/18/2018 3:00:23 PM 1188 Plugin loaded ICCup TV Streamer
3/18/2018 3:00:23 PM 1188 Loading BWL4-Plugin C:\workspace\IRE\nova\BWAPI_Stuff\Chaoslauncher\Plugins\icctvp.bwl
3/18/2018 3:00:24 PM 1188 Plugin loaded ICCup TV Player
3/18/2018 3:00:24 PM 1188 Loading BWL4-Plugin C:\workspace\IRE\nova\BWAPI_Stuff\Chaoslauncher\Plugins\LatencyChanger.bwl
3/18/2018 3:00:24 PM 1188 Plugin loaded LatencyChanger for 1.16.1
3/18/2018 3:00:24 PM 1188 Loading BWL4-Plugin C:\workspace\IRE\nova\BWAPI_Stuff\Chaoslauncher\Plugins\repfix.bwl
3/18/2018 3:00:24 PM 1188 Plugin loaded RepFix
3/18/2018 3:00:24 PM 1188 Loading BWL4-Plugin C:\workspace\IRE\nova\BWAPI_Stuff\Chaoslauncher\Plugins\RWAPlayer.bwl
3/18/2018 3:00:24 PM 1188 Plugin loaded RWAPlayer (1.16.1)
3/18/2018 3:00:24 PM 1188 Loading BWL4-Plugin C:\workspace\IRE\nova\BWAPI_Stuff\Chaoslauncher\Plugins\RWARecorder.bwl
3/18/2018 3:00:24 PM 1188 Plugin loaded RWARecorder (1.16.1)
3/18/2018 3:00:24 PM 1188 Loading BWL4-Plugin C:\workspace\IRE\nova\BWAPI_Stuff\Chaoslauncher\Plugins\Stormplugin.bwl
3/18/2018 3:00:24 PM 1188 Plugin loaded Stormplugin for 1.16.1
3/18/2018 3:00:24 PM 1188 Loading BWL4-Plugin C:\workspace\IRE\nova\BWAPI_Stuff\Chaoslauncher\Plugins\wmode.bwl
3/18/2018 3:00:24 PM 1188 Plugin loaded W-MODE 1.02
3/18/2018 3:00:24 PM 1188 Load Tools
3/18/2018 3:00:24 PM 1188 Init GUI
3/18/2018 3:00:24 PM 1188 Get Starcraftversions
3/18/2018 3:00:24 PM 1188 Init complete
3/18/2018 3:00:36 PM 1188 Startbutton
3/18/2018 3:00:36 PM 1188 Starting Game Starcraft 1.16.1 C:\Starcraft\StarCraft.exe
3/18/2018 3:00:36 PM 1188 BWAPI Injector (1.16.1) RELEASE Version  Compatible
3/18/2018 3:00:36 PM 1188 W-MODE 1.02 Version 1.0.2 Compatible
3/18/2018 3:00:36 PM 1188 Obtained DebugPrivilege
3/18/2018 3:00:36 PM 1188 CreateProcess
3/18/2018 3:00:36 PM 1188 Call ScSuspended for all active Plugins
3/18/2018 3:00:36 PM 1188 ApplyPatchSuspended for BWAPI Injector (1.16.1) RELEASE
3/18/2018 3:00:36 PM 1188 ApplyPatchSuspended for W-MODE 1.02
3/18/2018 3:00:36 PM 1188 ResumeThread
3/18/2018 3:00:36 PM 1188 WaitForInputIdle
3/18/2018 3:00:36 PM 1188 Call ScWindowCreated for all active Plugins
3/18/2018 3:00:36 PM 1188 ApplyPatch for BWAPI Injector (1.16.1) RELEASE
3/18/2018 3:00:36 PM 1188 ApplyPatch for W-MODE 1.02
3/18/2018 3:00:36 PM 1188 Starting Starcraft completed
3/18/2018 3:01:35 PM 1188 Startbutton
3/18/2018 3:01:35 PM 1188 Starting Game Starcraft 1.16.1 C:\Starcraft\StarCraft.exe
3/18/2018 3:01:35 PM 1188 BWAPI Injector (1.16.1) RELEASE Version  Compatible
3/18/2018 3:01:35 PM 1188 W-MODE 1.02 Version 1.0.2 Compatible
3/18/2018 3:01:35 PM 1188 Obtained DebugPrivilege
3/18/2018 3:01:35 PM 1188 CreateProcess
3/18/2018 3:01:35 PM 1188 Call ScSuspended for all active Plugins
3/18/2018 3:01:35 PM 1188 ApplyPatchSuspended for BWAPI Injector (1.16.1) RELEASE
3/18/2018 3:01:35 PM 1188 ApplyPatchSuspended for W-MODE 1.02
3/18/2018 3:01:35 PM 1188 ResumeThread
3/18/2018 3:01:35 PM 1188 WaitForInputIdle
3/18/2018 3:01:36 PM 1188 Call ScWindowCreated for all active Plugins
3/18/2018 3:01:36 PM 1188 ApplyPatch for BWAPI Injector (1.16.1) RELEASE
3/18/2018 3:01:36 PM 1188 ApplyPatch for W-MODE 1.02
3/18/2018 3:01:36 PM 1188 Starting Starcraft completed
3/18/2018 3:02:37 PM 1188 Startbutton
3/18/2018 3:02:37 PM 1188 Starting Game Starcraft 1.16.1 C:\Starcraft\StarCraft.exe
3/18/2018 3:02:37 PM 1188 BWAPI Injector (1.16.1) RELEASE Version  Compatible
3/18/2018 3:02:37 PM 1188 W-MODE 1.02 Version 1.0.2 Compatible
3/18/2018 3:02:37 PM 1188 Obtained DebugPrivilege
3/18/2018 3:02:37 PM 1188 CreateProcess
3/18/2018 3:02:37 PM 1188 Call ScSuspended for all active Plugins
3/18/2018 3:02:37 PM 1188 ApplyPatchSuspended for BWAPI Injector (1.16.1) RELEASE
3/18/2018 3:02:37 PM 1188 ApplyPatchSuspended for W-MODE 1.02
3/18/2018 3:02:37 PM 1188 ResumeThread
3/18/2018 3:02:37 PM 1188 WaitForInputIdle
3/18/2018 3:02:37 PM 1188 Call ScWindowCreated for all active Plugins
3/18/2018 3:02:37 PM 1188 ApplyPatch for BWAPI Injector (1.16.1) RELEASE
3/18/2018 3:02:37 PM 1188 ApplyPatch for W-MODE 1.02
3/18/2018 3:02:37 PM 1188 Starting Starcraft completed
3/18/2018 3:03:01 PM 1188 Startbutton
3/18/2018 3:03:01 PM 1188 Starting Game Starcraft 1.16.1 C:\Starcraft\StarCraft.exe
3/18/2018 3:03:01 PM 1188 BWAPI Injector (1.16.1) RELEASE Version  Compatible
3/18/2018 3:03:01 PM 1188 W-MODE 1.02 Version 1.0.2 Compatible
3/18/2018 3:03:01 PM 1188 Obtained DebugPrivilege
3/18/2018 3:03:01 PM 1188 CreateProcess
3/18/2018 3:03:01 PM 1188 Call ScSuspended for all active Plugins
3/18/2018 3:03:01 PM 1188 ApplyPatchSuspended for BWAPI Injector (1.16.1) RELEASE
3/18/2018 3:03:01 PM 1188 ApplyPatchSuspended for W-MODE 1.02
3/18/2018 3:03:01 PM 1188 ResumeThread
3/18/2018 3:03:01 PM 1188 WaitForInputIdle
3/18/2018 3:03:02 PM 1188 Call ScWindowCreated for all active Plugins
3/18/2018 3:03:02 PM 1188 ApplyPatch for BWAPI Injector (1.16.1) RELEASE
3/18/2018 3:03:02 PM 1188 ApplyPatch for W-MODE 1.02
3/18/2018 3:03:02 PM 1188 Starting Starcraft completed
3/18/2018 3:03:42 PM 1188 Startbutton
3/18/2018 3:03:42 PM 1188 Starting Game Starcraft 1.16.1 C:\Starcraft\StarCraft.exe
3/18/2018 3:03:42 PM 1188 BWAPI Injector (1.16.1) RELEASE Version  Compatible
3/18/2018 3:03:42 PM 1188 W-MODE 1.02 Version 1.0.2 Compatible
3/18/2018 3:03:42 PM 1188 Obtained DebugPrivilege
3/18/2018 3:03:42 PM 1188 CreateProcess
3/18/2018 3:03:42 PM 1188 Call ScSuspended for all active Plugins
3/18/2018 3:03:42 PM 1188 ApplyPatchSuspended for BWAPI Injector (1.16.1) RELEASE
3/18/2018 3:03:42 PM 1188 ApplyPatchSuspended for W-MODE 1.02
3/18/2018 3:03:42 PM 1188 ResumeThread
3/18/2018 3:03:42 PM 1188 WaitForInputIdle
3/18/2018 3:03:42 PM 1188 Call ScWindowCreated for all active Plugins
3/18/2018 3:03:42 PM 1188 ApplyPatch for BWAPI Injector (1.16.1) RELEASE
3/18/2018 3:03:42 PM 1188 ApplyPatch for W-MODE 1.02
3/18/2018 3:03:42 PM 1188 Starting Starcraft completed
3/18/2018 3:04:21 PM 1188 Startbutton
3/18/2018 3:04:21 PM 1188 Starting Game Starcraft 1.16.1 C:\Starcraft\StarCraft.exe
3/18/2018 3:04:21 PM 1188 BWAPI Injector (1.16.1) RELEASE Version  Compatible
3/18/2018 3:04:21 PM 1188 W-MODE 1.02 Version 1.0.2 Compatible
3/18/2018 3:04:21 PM 1188 Obtained DebugPrivilege
3/18/2018 3:04:21 PM 1188 CreateProcess
3/18/2018 3:04:21 PM 1188 Call ScSuspended for all active Plugins
3/18/2018 3:04:21 PM 1188 ApplyPatchSuspended for BWAPI Injector (1.16.1) RELEASE
3/18/2018 3:04:22 PM 1188 ApplyPatchSuspended for W-MODE 1.02
3/18/2018 3:04:22 PM 1188 ResumeThread
3/18/2018 3:04:22 PM 1188 WaitForInputIdle
3/18/2018 3:04:22 PM 1188 Call ScWindowCreated for all active Plugins
3/18/2018 3:04:22 PM 1188 ApplyPatch for BWAPI Injector (1.16.1) RELEASE
3/18/2018 3:04:22 PM 1188 ApplyPatch for W-MODE 1.02
3/18/2018 3:04:22 PM 1188 Starting Starcraft completed
3/18/2018 3:06:27 PM 1188 Startbutton
3/18/2018 3:06:27 PM 1188 Starting Game Starcraft 1.16.1 C:\Starcraft\StarCraft.exe
3/18/2018 3:06:27 PM 1188 W-MODE 1.02 Version 1.0.2 Compatible
3/18/2018 3:06:27 PM 1188 Obtained DebugPrivilege
3/18/2018 3:06:27 PM 1188 CreateProcess
3/18/2018 3:06:27 PM 1188 Call ScSuspended for all active Plugins
3/18/2018 3:06:27 PM 1188 ApplyPatchSuspended for W-MODE 1.02
3/18/2018 3:06:27 PM 1188 ResumeThread
3/18/2018 3:06:27 PM 1188 WaitForInputIdle
3/18/2018 3:06:27 PM 1188 Call ScWindowCreated for all active Plugins
3/18/2018 3:06:27 PM 1188 ApplyPatch for W-MODE 1.02
3/18/2018 3:06:27 PM 1188 Starting Starcraft completed
3/18/2018 3:06:43 PM 1188 Startbutton
3/18/2018 3:06:43 PM 1188 Starting Game Starcraft 1.16.1 C:\Starcraft\StarCraft.exe
3/18/2018 3:06:43 PM 1188 W-MODE 1.02 Version 1.0.2 Compatible
3/18/2018 3:06:43 PM 1188 Obtained DebugPrivilege
3/18/2018 3:06:43 PM 1188 CreateProcess
3/18/2018 3:06:43 PM 1188 Call ScSuspended for all active Plugins
3/18/2018 3:06:43 PM 1188 ApplyPatchSuspended for W-MODE 1.02
3/18/2018 3:06:43 PM 1188 ResumeThread
3/18/2018 3:06:43 PM 1188 WaitForInputIdle
3/18/2018 3:06:43 PM 1188 Call ScWindowCreated for all active Plugins
3/18/2018 3:06:43 PM 1188 ApplyPatch for W-MODE 1.02
3/18/2018 3:06:43 PM 1188 Starting Starcraft completed
3/18/2018 3:06:52 PM 1188 Startbutton
3/18/2018 3:06:52 PM 1188 Starting Game Starcraft 1.16.1 C:\Starcraft\StarCraft.exe
3/18/2018 3:06:52 PM 1188 BWAPI Injector (1.16.1) RELEASE Version  Compatible
3/18/2018 3:06:52 PM 1188 W-MODE 1.02 Version 1.0.2 Compatible
3/18/2018 3:06:52 PM 1188 Obtained DebugPrivilege
3/18/2018 3:06:52 PM 1188 CreateProcess
3/18/2018 3:06:52 PM 1188 Call ScSuspended for all active Plugins
3/18/2018 3:06:52 PM 1188 ApplyPatchSuspended for BWAPI Injector (1.16.1) RELEASE
3/18/2018 3:06:52 PM 1188 ApplyPatchSuspended for W-MODE 1.02
3/18/2018 3:06:52 PM 1188 ResumeThread
3/18/2018 3:06:52 PM 1188 WaitForInputIdle
3/18/2018 3:06:52 PM 1188 Call ScWindowCreated for all active Plugins
3/18/2018 3:06:52 PM 1188 ApplyPatch for BWAPI Injector (1.16.1) RELEASE
3/18/2018 3:06:52 PM 1188 ApplyPatch for W-MODE 1.02
3/18/2018 3:06:52 PM 1188 Starting Starcraft completed
3/18/2018 3:06:54 PM 1188 Startbutton
3/18/2018 3:06:54 PM 1188 Starting Game Starcraft 1.16.1 C:\Starcraft\StarCraft.exe
3/18/2018 3:06:54 PM 1188 W-MODE 1.02 Version 1.0.2 Compatible
3/18/2018 3:06:54 PM 1188 Obtained DebugPrivilege
3/18/2018 3:06:54 PM 1188 CreateProcess
3/18/2018 3:06:54 PM 1188 Call ScSuspended for all active Plugins
3/18/2018 3:06:54 PM 1188 ApplyPatchSuspended for W-MODE 1.02
3/18/2018 3:06:55 PM 1188 ResumeThread
3/18/2018 3:06:55 PM 1188 WaitForInputIdle
3/18/2018 3:06:55 PM 1188 Call ScWindowCreated for all active Plugins
3/18/2018 3:06:55 PM 1188 ApplyPatch for W-MODE 1.02
3/18/2018 3:06:55 PM 1188 Starting Starcraft completed
3/18/2018 3:06:57 PM 1188 Startbutton
3/18/2018 3:06:57 PM 1188 Starting Game Starcraft 1.16.1 C:\Starcraft\StarCraft.exe
3/18/2018 3:06:57 PM 1188 W-MODE 1.02 Version 1.0.2 Compatible
3/18/2018 3:06:57 PM 1188 Obtained DebugPrivilege
3/18/2018 3:06:57 PM 1188 CreateProcess
3/18/2018 3:06:57 PM 1188 Call ScSuspended for all active Plugins
3/18/2018 3:06:57 PM 1188 ApplyPatchSuspended for W-MODE 1.02
3/18/2018 3:06:57 PM 1188 ResumeThread
3/18/2018 3:06:57 PM 1188 WaitForInputIdle
3/18/2018 3:06:57 PM 1188 Call ScWindowCreated for all active Plugins
3/18/2018 3:06:57 PM 1188 ApplyPatch for W-MODE 1.02
3/18/2018 3:06:57 PM 1188 Starting Starcraft completed
3/18/2018 3:07:00 PM 1188 Finishing
3/18/2018 3:07:00 PM 1188 Unloading Plugin BWAPI Injector (1.16.1) RELEASE
3/18/2018 3:07:00 PM 1188 Unloading Plugin ICCup
3/18/2018 3:07:00 PM 1188 Unloading Plugin APMAlert (1.16.1)
3/18/2018 3:07:00 PM 1188 Unloading Plugin Chaosplugin for 1.16.1
3/18/2018 3:07:00 PM 1188 Unloading Plugin ICCup TV Streamer
3/18/2018 3:07:00 PM 1188 Unloading Plugin ICCup TV Player
3/18/2018 3:07:00 PM 1188 Unloading Plugin LatencyChanger for 1.16.1
3/18/2018 3:07:00 PM 1188 Unloading Plugin RepFix
3/18/2018 3:07:00 PM 1188 Unloading Plugin RWAPlayer (1.16.1)
3/18/2018 3:07:00 PM 1188 Unloading Plugin RWARecorder (1.16.1)
3/18/2018 3:07:00 PM 1188 Unloading Plugin Stormplugin for 1.16.1
3/18/2018 3:07:00 PM 1188 Unloading Plugin W-MODE 1.02
3/18/2018 3:07:00 PM 1188 Logging ended
